{"C:\\Projetos\\todolist\\src\\app.ts": {"path":"C:\\Projetos\\todolist\\src\\app.ts","statementMap":{"0":{"start":{"line":12,"column":13},"end":{"line":12,"column":null}},"1":{"start":{"line":13,"column":15},"end":{"line":13,"column":null}},"2":{"start":{"line":14,"column":0},"end":{"line":17,"column":null}},"3":{"start":{"line":15,"column":4},"end":{"line":15,"column":null}},"4":{"start":{"line":16,"column":4},"end":{"line":16,"column":null}},"5":{"start":{"line":19,"column":0},"end":{"line":19,"column":null}},"6":{"start":{"line":21,"column":0},"end":{"line":23,"column":null}},"7":{"start":{"line":25,"column":0},"end":{"line":25,"column":null}},"8":{"start":{"line":26,"column":0},"end":{"line":26,"column":null}},"9":{"start":{"line":28,"column":0},"end":{"line":46,"column":null}},"10":{"start":{"line":48,"column":0},"end":{"line":50,"column":null}},"11":{"start":{"line":52,"column":0},"end":{"line":52,"column":null}},"12":{"start":{"line":53,"column":0},"end":{"line":53,"column":null}},"13":{"start":{"line":54,"column":0},"end":{"line":54,"column":null}},"14":{"start":{"line":55,"column":0},"end":{"line":55,"column":null}}},"fnMap":{},"branchMap":{"0":{"loc":{"start":{"line":14,"column":0},"end":{"line":17,"column":null}},"type":"if","locations":[{"start":{"line":14,"column":0},"end":{"line":17,"column":null}},{"start":{},"end":{}}],"line":14}},"s":{"0":3,"1":3,"2":3,"3":0,"4":0,"5":3,"6":3,"7":3,"8":3,"9":3,"10":3,"11":3,"12":3,"13":3,"14":3},"f":{},"b":{"0":[0,3]},"meta":{"lastBranch":1,"lastFunction":0,"lastStatement":15,"seen":{"s:12:13:12:Infinity":0,"s:13:15:13:Infinity":1,"b:14:0:17:Infinity:undefined:undefined:undefined:undefined":0,"s:14:0:17:Infinity":2,"s:15:4:15:Infinity":3,"s:16:4:16:Infinity":4,"s:19:0:19:Infinity":5,"s:21:0:23:Infinity":6,"s:25:0:25:Infinity":7,"s:26:0:26:Infinity":8,"s:28:0:46:Infinity":9,"s:48:0:50:Infinity":10,"s:52:0:52:Infinity":11,"s:53:0:53:Infinity":12,"s:54:0:54:Infinity":13,"s:55:0:55:Infinity":14}}}
,"C:\\Projetos\\todolist\\src\\error-handle.ts": {"path":"C:\\Projetos\\todolist\\src\\error-handle.ts","statementMap":{"0":{"start":{"line":4,"column":61},"end":{"line":23,"column":null}},"1":{"start":{"line":5,"column":4},"end":{"line":7,"column":null}},"2":{"start":{"line":6,"column":8},"end":{"line":6,"column":null}},"3":{"start":{"line":9,"column":4},"end":{"line":11,"column":null}},"4":{"start":{"line":10,"column":8},"end":{"line":10,"column":null}},"5":{"start":{"line":13,"column":4},"end":{"line":15,"column":null}},"6":{"start":{"line":14,"column":8},"end":{"line":14,"column":null}},"7":{"start":{"line":17,"column":4},"end":{"line":19,"column":null}},"8":{"start":{"line":18,"column":8},"end":{"line":18,"column":null}},"9":{"start":{"line":21,"column":4},"end":{"line":21,"column":null}},"10":{"start":{"line":22,"column":4},"end":{"line":22,"column":null}}},"fnMap":{"0":{"name":"(anonymous_0)","decl":{"start":{"line":4,"column":61},"end":{"line":4,"column":62}},"loc":{"start":{"line":4,"column":88},"end":{"line":23,"column":null}},"line":4}},"branchMap":{"0":{"loc":{"start":{"line":5,"column":4},"end":{"line":7,"column":null}},"type":"if","locations":[{"start":{"line":5,"column":4},"end":{"line":7,"column":null}},{"start":{},"end":{}}],"line":5},"1":{"loc":{"start":{"line":9,"column":4},"end":{"line":11,"column":null}},"type":"if","locations":[{"start":{"line":9,"column":4},"end":{"line":11,"column":null}},{"start":{},"end":{}}],"line":9},"2":{"loc":{"start":{"line":13,"column":4},"end":{"line":15,"column":null}},"type":"if","locations":[{"start":{"line":13,"column":4},"end":{"line":15,"column":null}},{"start":{},"end":{}}],"line":13},"3":{"loc":{"start":{"line":17,"column":4},"end":{"line":19,"column":null}},"type":"if","locations":[{"start":{"line":17,"column":4},"end":{"line":19,"column":null}},{"start":{},"end":{}}],"line":17}},"s":{"0":3,"1":1,"2":0,"3":1,"4":0,"5":1,"6":1,"7":0,"8":0,"9":0,"10":0},"f":{"0":1},"b":{"0":[0,1],"1":[0,1],"2":[1,0],"3":[0,0]},"meta":{"lastBranch":4,"lastFunction":1,"lastStatement":11,"seen":{"s:4:61:23:Infinity":0,"f:4:61:4:62":0,"b:5:4:7:Infinity:undefined:undefined:undefined:undefined":0,"s:5:4:7:Infinity":1,"s:6:8:6:Infinity":2,"b:9:4:11:Infinity:undefined:undefined:undefined:undefined":1,"s:9:4:11:Infinity":3,"s:10:8:10:Infinity":4,"b:13:4:15:Infinity:undefined:undefined:undefined:undefined":2,"s:13:4:15:Infinity":5,"s:14:8:14:Infinity":6,"b:17:4:19:Infinity:undefined:undefined:undefined:undefined":3,"s:17:4:19:Infinity":7,"s:18:8:18:Infinity":8,"s:21:4:21:Infinity":9,"s:22:4:22:Infinity":10}}}
,"C:\\Projetos\\todolist\\src\\controllers\\admin-controller.ts": {"path":"C:\\Projetos\\todolist\\src\\controllers\\admin-controller.ts","statementMap":{"0":{"start":{"line":5,"column":21},"end":{"line":5,"column":null}},"1":{"start":{"line":10,"column":23},"end":{"line":10,"column":null}},"2":{"start":{"line":11,"column":21},"end":{"line":11,"column":null}},"3":{"start":{"line":12,"column":12},"end":{"line":24,"column":null}},"4":{"start":{"line":13,"column":32},"end":{"line":13,"column":null}},"5":{"start":{"line":14,"column":60},"end":{"line":14,"column":null}},"6":{"start":{"line":15,"column":12},"end":{"line":15,"column":null}},"7":{"start":{"line":17,"column":12},"end":{"line":19,"column":null}},"8":{"start":{"line":18,"column":16},"end":{"line":18,"column":null}},"9":{"start":{"line":20,"column":12},"end":{"line":22,"column":null}},"10":{"start":{"line":21,"column":16},"end":{"line":21,"column":null}},"11":{"start":{"line":23,"column":12},"end":{"line":23,"column":null}},"12":{"start":{"line":28,"column":22},"end":{"line":28,"column":null}},"13":{"start":{"line":29,"column":8},"end":{"line":29,"column":null}},"14":{"start":{"line":33,"column":23},"end":{"line":33,"column":null}},"15":{"start":{"line":34,"column":8},"end":{"line":34,"column":null}},"16":{"start":{"line":35,"column":8},"end":{"line":35,"column":null}},"17":{"start":{"line":39,"column":22},"end":{"line":39,"column":null}},"18":{"start":{"line":40,"column":8},"end":{"line":40,"column":null}}},"fnMap":{"0":{"name":"(anonymous_0)","decl":{"start":{"line":9,"column":10},"end":{"line":9,"column":21}},"loc":{"start":{"line":9,"column":67},"end":{"line":25,"column":null}},"line":9},"1":{"name":"(anonymous_1)","decl":{"start":{"line":27,"column":10},"end":{"line":27,"column":22}},"loc":{"start":{"line":27,"column":68},"end":{"line":30,"column":null}},"line":27},"2":{"name":"(anonymous_2)","decl":{"start":{"line":32,"column":10},"end":{"line":32,"column":21}},"loc":{"start":{"line":32,"column":67},"end":{"line":36,"column":null}},"line":32},"3":{"name":"(anonymous_3)","decl":{"start":{"line":38,"column":10},"end":{"line":38,"column":22}},"loc":{"start":{"line":38,"column":68},"end":{"line":41,"column":null}},"line":38}},"branchMap":{"0":{"loc":{"start":{"line":17,"column":12},"end":{"line":19,"column":null}},"type":"if","locations":[{"start":{"line":17,"column":12},"end":{"line":19,"column":null}},{"start":{},"end":{}}],"line":17},"1":{"loc":{"start":{"line":20,"column":12},"end":{"line":22,"column":null}},"type":"if","locations":[{"start":{"line":20,"column":12},"end":{"line":22,"column":null}},{"start":{},"end":{}}],"line":20}},"s":{"0":3,"1":1,"2":1,"3":1,"4":1,"5":1,"6":1,"7":0,"8":0,"9":0,"10":0,"11":0,"12":1,"13":1,"14":1,"15":1,"16":1,"17":0,"18":0},"f":{"0":1,"1":1,"2":1,"3":0},"b":{"0":[0,0],"1":[0,0]},"meta":{"lastBranch":2,"lastFunction":4,"lastStatement":19,"seen":{"s:5:21:5:Infinity":0,"f:9:10:9:21":0,"s:10:23:10:Infinity":1,"s:11:21:11:Infinity":2,"s:12:12:24:Infinity":3,"s:13:32:13:Infinity":4,"s:14:60:14:Infinity":5,"s:15:12:15:Infinity":6,"b:17:12:19:Infinity:undefined:undefined:undefined:undefined":0,"s:17:12:19:Infinity":7,"s:18:16:18:Infinity":8,"b:20:12:22:Infinity:undefined:undefined:undefined:undefined":1,"s:20:12:22:Infinity":9,"s:21:16:21:Infinity":10,"s:23:12:23:Infinity":11,"f:27:10:27:22":1,"s:28:22:28:Infinity":12,"s:29:8:29:Infinity":13,"f:32:10:32:21":2,"s:33:23:33:Infinity":14,"s:34:8:34:Infinity":15,"s:35:8:35:Infinity":16,"f:38:10:38:22":3,"s:39:22:39:Infinity":17,"s:40:8:40:Infinity":18}}}
,"C:\\Projetos\\todolist\\src\\controllers\\auth-controller.ts": {"path":"C:\\Projetos\\todolist\\src\\controllers\\auth-controller.ts","statementMap":{"0":{"start":{"line":5,"column":20},"end":{"line":5,"column":null}},"1":{"start":{"line":9,"column":36},"end":{"line":9,"column":null}},"2":{"start":{"line":10,"column":21},"end":{"line":10,"column":null}},"3":{"start":{"line":12,"column":8},"end":{"line":14,"column":null}},"4":{"start":{"line":13,"column":12},"end":{"line":13,"column":null}},"5":{"start":{"line":16,"column":22},"end":{"line":19,"column":null}},"6":{"start":{"line":21,"column":8},"end":{"line":21,"column":null}}},"fnMap":{"0":{"name":"(anonymous_0)","decl":{"start":{"line":8,"column":10},"end":{"line":8,"column":16}},"loc":{"start":{"line":8,"column":62},"end":{"line":22,"column":null}},"line":8}},"branchMap":{"0":{"loc":{"start":{"line":12,"column":8},"end":{"line":14,"column":null}},"type":"if","locations":[{"start":{"line":12,"column":8},"end":{"line":14,"column":null}},{"start":{},"end":{}}],"line":12}},"s":{"0":3,"1":10,"2":10,"3":10,"4":0,"5":10,"6":10},"f":{"0":10},"b":{"0":[0,10]},"meta":{"lastBranch":1,"lastFunction":1,"lastStatement":7,"seen":{"s:5:20:5:Infinity":0,"f:8:10:8:16":0,"s:9:36:9:Infinity":1,"s:10:21:10:Infinity":2,"b:12:8:14:Infinity:undefined:undefined:undefined:undefined":0,"s:12:8:14:Infinity":3,"s:13:12:13:Infinity":4,"s:16:22:19:Infinity":5,"s:21:8:21:Infinity":6}}}
,"C:\\Projetos\\todolist\\src\\controllers\\task-controller.ts": {"path":"C:\\Projetos\\todolist\\src\\controllers\\task-controller.ts","statementMap":{"0":{"start":{"line":5,"column":20},"end":{"line":5,"column":null}},"1":{"start":{"line":9,"column":8},"end":{"line":18,"column":null}},"2":{"start":{"line":10,"column":43},"end":{"line":10,"column":null}},"3":{"start":{"line":11,"column":25},"end":{"line":11,"column":null}},"4":{"start":{"line":12,"column":12},"end":{"line":12,"column":null}},"5":{"start":{"line":14,"column":12},"end":{"line":16,"column":null}},"6":{"start":{"line":15,"column":16},"end":{"line":15,"column":null}},"7":{"start":{"line":17,"column":12},"end":{"line":17,"column":null}},"8":{"start":{"line":22,"column":8},"end":{"line":27,"column":null}},"9":{"start":{"line":23,"column":26},"end":{"line":23,"column":null}},"10":{"start":{"line":24,"column":12},"end":{"line":24,"column":null}},"11":{"start":{"line":26,"column":12},"end":{"line":26,"column":null}},"12":{"start":{"line":31,"column":23},"end":{"line":31,"column":null}},"13":{"start":{"line":32,"column":8},"end":{"line":32,"column":null}},"14":{"start":{"line":33,"column":8},"end":{"line":33,"column":null}},"15":{"start":{"line":37,"column":8},"end":{"line":47,"column":null}},"16":{"start":{"line":38,"column":27},"end":{"line":38,"column":null}},"17":{"start":{"line":39,"column":25},"end":{"line":39,"column":null}},"18":{"start":{"line":40,"column":32},"end":{"line":40,"column":null}},"19":{"start":{"line":41,"column":12},"end":{"line":41,"column":null}},"20":{"start":{"line":43,"column":12},"end":{"line":45,"column":null}},"21":{"start":{"line":44,"column":16},"end":{"line":44,"column":null}},"22":{"start":{"line":46,"column":12},"end":{"line":46,"column":null}}},"fnMap":{"0":{"name":"(anonymous_0)","decl":{"start":{"line":8,"column":10},"end":{"line":8,"column":21}},"loc":{"start":{"line":8,"column":67},"end":{"line":19,"column":null}},"line":8},"1":{"name":"(anonymous_1)","decl":{"start":{"line":21,"column":10},"end":{"line":21,"column":21}},"loc":{"start":{"line":21,"column":67},"end":{"line":28,"column":null}},"line":21},"2":{"name":"(anonymous_2)","decl":{"start":{"line":30,"column":10},"end":{"line":30,"column":21}},"loc":{"start":{"line":30,"column":67},"end":{"line":34,"column":null}},"line":30},"3":{"name":"(anonymous_3)","decl":{"start":{"line":36,"column":10},"end":{"line":36,"column":21}},"loc":{"start":{"line":36,"column":67},"end":{"line":48,"column":null}},"line":36}},"branchMap":{"0":{"loc":{"start":{"line":14,"column":12},"end":{"line":16,"column":null}},"type":"if","locations":[{"start":{"line":14,"column":12},"end":{"line":16,"column":null}},{"start":{},"end":{}}],"line":14},"1":{"loc":{"start":{"line":43,"column":12},"end":{"line":45,"column":null}},"type":"if","locations":[{"start":{"line":43,"column":12},"end":{"line":45,"column":null}},{"start":{},"end":{}}],"line":43}},"s":{"0":3,"1":1,"2":1,"3":1,"4":1,"5":0,"6":0,"7":0,"8":1,"9":1,"10":1,"11":0,"12":1,"13":1,"14":1,"15":1,"16":1,"17":1,"18":1,"19":1,"20":0,"21":0,"22":0},"f":{"0":1,"1":1,"2":1,"3":1},"b":{"0":[0,0],"1":[0,0]},"meta":{"lastBranch":2,"lastFunction":4,"lastStatement":23,"seen":{"s:5:20:5:Infinity":0,"f:8:10:8:21":0,"s:9:8:18:Infinity":1,"s:10:43:10:Infinity":2,"s:11:25:11:Infinity":3,"s:12:12:12:Infinity":4,"b:14:12:16:Infinity:undefined:undefined:undefined:undefined":0,"s:14:12:16:Infinity":5,"s:15:16:15:Infinity":6,"s:17:12:17:Infinity":7,"f:21:10:21:21":1,"s:22:8:27:Infinity":8,"s:23:26:23:Infinity":9,"s:24:12:24:Infinity":10,"s:26:12:26:Infinity":11,"f:30:10:30:21":2,"s:31:23:31:Infinity":12,"s:32:8:32:Infinity":13,"s:33:8:33:Infinity":14,"f:36:10:36:21":3,"s:37:8:47:Infinity":15,"s:38:27:38:Infinity":16,"s:39:25:39:Infinity":17,"s:40:32:40:Infinity":18,"s:41:12:41:Infinity":19,"b:43:12:45:Infinity:undefined:undefined:undefined:undefined":1,"s:43:12:45:Infinity":20,"s:44:16:44:Infinity":21,"s:46:12:46:Infinity":22}}}
,"C:\\Projetos\\todolist\\src\\controllers\\user-controller.ts": {"path":"C:\\Projetos\\todolist\\src\\controllers\\user-controller.ts","statementMap":{"0":{"start":{"line":5,"column":20},"end":{"line":5,"column":null}},"1":{"start":{"line":9,"column":21},"end":{"line":9,"column":null}},"2":{"start":{"line":10,"column":8},"end":{"line":17,"column":null}},"3":{"start":{"line":11,"column":25},"end":{"line":11,"column":null}},"4":{"start":{"line":12,"column":60},"end":{"line":12,"column":null}},"5":{"start":{"line":13,"column":12},"end":{"line":13,"column":null}},"6":{"start":{"line":15,"column":12},"end":{"line":15,"column":null}},"7":{"start":{"line":15,"column":40},"end":{"line":15,"column":null}},"8":{"start":{"line":16,"column":12},"end":{"line":16,"column":null}},"9":{"start":{"line":21,"column":8},"end":{"line":30,"column":null}},"10":{"start":{"line":22,"column":25},"end":{"line":22,"column":null}},"11":{"start":{"line":23,"column":60},"end":{"line":23,"column":null}},"12":{"start":{"line":24,"column":12},"end":{"line":24,"column":null}},"13":{"start":{"line":26,"column":12},"end":{"line":28,"column":null}},"14":{"start":{"line":27,"column":16},"end":{"line":27,"column":null}},"15":{"start":{"line":29,"column":12},"end":{"line":29,"column":null}},"16":{"start":{"line":34,"column":21},"end":{"line":34,"column":null}},"17":{"start":{"line":35,"column":8},"end":{"line":47,"column":9}},"18":{"start":{"line":36,"column":25},"end":{"line":36,"column":null}},"19":{"start":{"line":37,"column":60},"end":{"line":37,"column":null}},"20":{"start":{"line":38,"column":12},"end":{"line":38,"column":null}},"21":{"start":{"line":40,"column":12},"end":{"line":42,"column":null}},"22":{"start":{"line":41,"column":16},"end":{"line":41,"column":null}},"23":{"start":{"line":43,"column":12},"end":{"line":45,"column":null}},"24":{"start":{"line":44,"column":16},"end":{"line":44,"column":null}},"25":{"start":{"line":46,"column":12},"end":{"line":46,"column":null}}},"fnMap":{"0":{"name":"(anonymous_0)","decl":{"start":{"line":8,"column":10},"end":{"line":8,"column":21}},"loc":{"start":{"line":8,"column":67},"end":{"line":18,"column":null}},"line":8},"1":{"name":"(anonymous_1)","decl":{"start":{"line":20,"column":10},"end":{"line":20,"column":21}},"loc":{"start":{"line":20,"column":67},"end":{"line":31,"column":null}},"line":20},"2":{"name":"(anonymous_2)","decl":{"start":{"line":33,"column":10},"end":{"line":33,"column":24}},"loc":{"start":{"line":33,"column":70},"end":{"line":48,"column":null}},"line":33}},"branchMap":{"0":{"loc":{"start":{"line":15,"column":12},"end":{"line":15,"column":null}},"type":"if","locations":[{"start":{"line":15,"column":12},"end":{"line":15,"column":null}},{"start":{},"end":{}}],"line":15},"1":{"loc":{"start":{"line":26,"column":12},"end":{"line":28,"column":null}},"type":"if","locations":[{"start":{"line":26,"column":12},"end":{"line":28,"column":null}},{"start":{},"end":{}}],"line":26},"2":{"loc":{"start":{"line":40,"column":12},"end":{"line":42,"column":null}},"type":"if","locations":[{"start":{"line":40,"column":12},"end":{"line":42,"column":null}},{"start":{},"end":{}}],"line":40},"3":{"loc":{"start":{"line":43,"column":12},"end":{"line":45,"column":null}},"type":"if","locations":[{"start":{"line":43,"column":12},"end":{"line":45,"column":null}},{"start":{},"end":{}}],"line":43}},"s":{"0":3,"1":10,"2":10,"3":10,"4":10,"5":10,"6":0,"7":0,"8":0,"9":1,"10":1,"11":1,"12":1,"13":0,"14":0,"15":0,"16":0,"17":0,"18":0,"19":0,"20":0,"21":0,"22":0,"23":0,"24":0,"25":0},"f":{"0":10,"1":1,"2":0},"b":{"0":[0,0],"1":[0,0],"2":[0,0],"3":[0,0]},"meta":{"lastBranch":4,"lastFunction":3,"lastStatement":26,"seen":{"s:5:20:5:Infinity":0,"f:8:10:8:21":0,"s:9:21:9:Infinity":1,"s:10:8:17:Infinity":2,"s:11:25:11:Infinity":3,"s:12:60:12:Infinity":4,"s:13:12:13:Infinity":5,"b:15:12:15:Infinity:undefined:undefined:undefined:undefined":0,"s:15:12:15:Infinity":6,"s:15:40:15:Infinity":7,"s:16:12:16:Infinity":8,"f:20:10:20:21":1,"s:21:8:30:Infinity":9,"s:22:25:22:Infinity":10,"s:23:60:23:Infinity":11,"s:24:12:24:Infinity":12,"b:26:12:28:Infinity:undefined:undefined:undefined:undefined":1,"s:26:12:28:Infinity":13,"s:27:16:27:Infinity":14,"s:29:12:29:Infinity":15,"f:33:10:33:24":2,"s:34:21:34:Infinity":16,"s:35:8:47:9":17,"s:36:25:36:Infinity":18,"s:37:60:37:Infinity":19,"s:38:12:38:Infinity":20,"b:40:12:42:Infinity:undefined:undefined:undefined:undefined":2,"s:40:12:42:Infinity":21,"s:41:16:41:Infinity":22,"b:43:12:45:Infinity:undefined:undefined:undefined:undefined":3,"s:43:12:45:Infinity":23,"s:44:16:44:Infinity":24,"s:46:12:46:Infinity":25}}}
,"C:\\Projetos\\todolist\\src\\lib\\prisma.ts": {"path":"C:\\Projetos\\todolist\\src\\lib\\prisma.ts","statementMap":{"0":{"start":{"line":5,"column":12},"end":{"line":5,"column":null}},"1":{"start":{"line":7,"column":0},"end":{"line":9,"column":null}},"2":{"start":{"line":8,"column":2},"end":{"line":8,"column":null}},"3":{"start":{"line":11,"column":16},"end":{"line":11,"column":null}},"4":{"start":{"line":12,"column":22},"end":{"line":12,"column":null}}},"fnMap":{},"branchMap":{"0":{"loc":{"start":{"line":7,"column":0},"end":{"line":9,"column":null}},"type":"if","locations":[{"start":{"line":7,"column":0},"end":{"line":9,"column":null}},{"start":{},"end":{}}],"line":7}},"s":{"0":3,"1":3,"2":0,"3":3,"4":3},"f":{},"b":{"0":[0,3]},"meta":{"lastBranch":1,"lastFunction":0,"lastStatement":5,"seen":{"s:5:12:5:Infinity":0,"b:7:0:9:Infinity:undefined:undefined:undefined:undefined":0,"s:7:0:9:Infinity":1,"s:8:2:8:Infinity":2,"s:11:16:11:Infinity":3,"s:12:22:12:Infinity":4}}}
,"C:\\Projetos\\todolist\\src\\middlewares\\rbac.ts": {"path":"C:\\Projetos\\todolist\\src\\middlewares\\rbac.ts","statementMap":{"0":{"start":{"line":4,"column":4},"end":{"line":22,"column":null}},"1":{"start":{"line":5,"column":8},"end":{"line":20,"column":null}},"2":{"start":{"line":6,"column":12},"end":{"line":6,"column":null}},"3":{"start":{"line":8,"column":29},"end":{"line":8,"column":null}},"4":{"start":{"line":14,"column":12},"end":{"line":17,"column":null}},"5":{"start":{"line":15,"column":16},"end":{"line":15,"column":null}},"6":{"start":{"line":16,"column":16},"end":{"line":16,"column":null}},"7":{"start":{"line":19,"column":12},"end":{"line":19,"column":null}}},"fnMap":{"0":{"name":"authorize","decl":{"start":{"line":3,"column":16},"end":{"line":3,"column":26}},"loc":{"start":{"line":3,"column":55},"end":{"line":23,"column":null}},"line":3},"1":{"name":"(anonymous_1)","decl":{"start":{"line":4,"column":11},"end":{"line":4,"column":18}},"loc":{"start":{"line":4,"column":67},"end":{"line":22,"column":null}},"line":4}},"branchMap":{"0":{"loc":{"start":{"line":14,"column":12},"end":{"line":17,"column":null}},"type":"if","locations":[{"start":{"line":14,"column":12},"end":{"line":17,"column":null}},{"start":{},"end":{}}],"line":14}},"s":{"0":12,"1":4,"2":4,"3":4,"4":4,"5":1,"6":1,"7":0},"f":{"0":12,"1":4},"b":{"0":[1,3]},"meta":{"lastBranch":1,"lastFunction":2,"lastStatement":8,"seen":{"f:3:16:3:26":0,"s:4:4:22:Infinity":0,"f:4:11:4:18":1,"s:5:8:20:Infinity":1,"s:6:12:6:Infinity":2,"s:8:29:8:Infinity":3,"b:14:12:17:Infinity:undefined:undefined:undefined:undefined":0,"s:14:12:17:Infinity":4,"s:15:16:15:Infinity":5,"s:16:16:16:Infinity":6,"s:19:12:19:Infinity":7}}}
,"C:\\Projetos\\todolist\\src\\repositories\\admin-repository.ts": {"path":"C:\\Projetos\\todolist\\src\\repositories\\admin-repository.ts","statementMap":{"0":{"start":{"line":7,"column":8},"end":{"line":10,"column":null}},"1":{"start":{"line":14,"column":8},"end":{"line":17,"column":null}},"2":{"start":{"line":22,"column":8},"end":{"line":29,"column":null}},"3":{"start":{"line":33,"column":8},"end":{"line":33,"column":null}}},"fnMap":{"0":{"name":"(anonymous_0)","decl":{"start":{"line":6,"column":10},"end":{"line":6,"column":23}},"loc":{"start":{"line":6,"column":64},"end":{"line":11,"column":null}},"line":6},"1":{"name":"(anonymous_1)","decl":{"start":{"line":13,"column":10},"end":{"line":13,"column":24}},"loc":{"start":{"line":13,"column":81},"end":{"line":18,"column":null}},"line":13},"2":{"name":"(anonymous_2)","decl":{"start":{"line":21,"column":10},"end":{"line":21,"column":50}},"loc":{"start":{"line":21,"column":50},"end":{"line":30,"column":null}},"line":21},"3":{"name":"(anonymous_3)","decl":{"start":{"line":32,"column":10},"end":{"line":32,"column":23}},"loc":{"start":{"line":32,"column":57},"end":{"line":34,"column":null}},"line":32}},"branchMap":{"0":{"loc":{"start":{"line":6,"column":23},"end":{"line":6,"column":64}},"type":"default-arg","locations":[{"start":{"line":6,"column":40},"end":{"line":6,"column":64}}],"line":6},"1":{"loc":{"start":{"line":8,"column":19},"end":{"line":8,"column":null}},"type":"cond-expr","locations":[{"start":{"line":8,"column":36},"end":{"line":8,"column":41}},{"start":{"line":8,"column":41},"end":{"line":8,"column":null}}],"line":8}},"s":{"0":1,"1":2,"2":0,"3":0},"f":{"0":1,"1":2,"2":0,"3":0},"b":{"0":[1],"1":[0,1]},"meta":{"lastBranch":2,"lastFunction":4,"lastStatement":4,"seen":{"f:6:10:6:23":0,"b:6:40:6:64":0,"s:7:8:10:Infinity":0,"b:8:36:8:41:8:41:8:Infinity":1,"f:13:10:13:24":1,"s:14:8:17:Infinity":1,"f:21:10:21:50":2,"s:22:8:29:Infinity":2,"f:32:10:32:23":3,"s:33:8:33:Infinity":3}}}
,"C:\\Projetos\\todolist\\src\\repositories\\auth-repository.ts": {"path":"C:\\Projetos\\todolist\\src\\repositories\\auth-repository.ts","statementMap":{"0":{"start":{"line":6,"column":8},"end":{"line":8,"column":null}}},"fnMap":{"0":{"name":"(anonymous_0)","decl":{"start":{"line":5,"column":10},"end":{"line":5,"column":26}},"loc":{"start":{"line":5,"column":63},"end":{"line":9,"column":null}},"line":5}},"branchMap":{},"s":{"0":10},"f":{"0":10},"b":{},"meta":{"lastBranch":0,"lastFunction":1,"lastStatement":1,"seen":{"f:5:10:5:26":0,"s:6:8:8:Infinity":0}}}
,"C:\\Projetos\\todolist\\src\\repositories\\task-repository.ts": {"path":"C:\\Projetos\\todolist\\src\\repositories\\task-repository.ts","statementMap":{"0":{"start":{"line":6,"column":8},"end":{"line":6,"column":null}},"1":{"start":{"line":10,"column":8},"end":{"line":12,"column":null}},"2":{"start":{"line":16,"column":8},"end":{"line":22,"column":null}},"3":{"start":{"line":26,"column":8},"end":{"line":29,"column":null}},"4":{"start":{"line":33,"column":8},"end":{"line":36,"column":null}}},"fnMap":{"0":{"name":"(anonymous_0)","decl":{"start":{"line":5,"column":10},"end":{"line":5,"column":17}},"loc":{"start":{"line":5,"column":71},"end":{"line":7,"column":null}},"line":5},"1":{"name":"(anonymous_1)","decl":{"start":{"line":9,"column":10},"end":{"line":9,"column":19}},"loc":{"start":{"line":9,"column":53},"end":{"line":13,"column":null}},"line":9},"2":{"name":"(anonymous_2)","decl":{"start":{"line":15,"column":10},"end":{"line":15,"column":27}},"loc":{"start":{"line":15,"column":60},"end":{"line":23,"column":null}},"line":15},"3":{"name":"(anonymous_3)","decl":{"start":{"line":25,"column":10},"end":{"line":25,"column":17}},"loc":{"start":{"line":25,"column":74},"end":{"line":30,"column":null}},"line":25},"4":{"name":"(anonymous_4)","decl":{"start":{"line":32,"column":10},"end":{"line":32,"column":43}},"loc":{"start":{"line":32,"column":43},"end":{"line":37,"column":null}},"line":32}},"branchMap":{},"s":{"0":1,"1":2,"2":1,"3":2,"4":0},"f":{"0":1,"1":2,"2":1,"3":2,"4":0},"b":{},"meta":{"lastBranch":0,"lastFunction":5,"lastStatement":5,"seen":{"f:5:10:5:17":0,"s:6:8:6:Infinity":0,"f:9:10:9:19":1,"s:10:8:12:Infinity":1,"f:15:10:15:27":2,"s:16:8:22:Infinity":2,"f:25:10:25:17":3,"s:26:8:29:Infinity":3,"f:32:10:32:43":4,"s:33:8:36:Infinity":4}}}
,"C:\\Projetos\\todolist\\src\\repositories\\user-repository.ts": {"path":"C:\\Projetos\\todolist\\src\\repositories\\user-repository.ts","statementMap":{"0":{"start":{"line":6,"column":8},"end":{"line":6,"column":null}},"1":{"start":{"line":10,"column":8},"end":{"line":10,"column":null}},"2":{"start":{"line":14,"column":8},"end":{"line":17,"column":null}},"3":{"start":{"line":21,"column":8},"end":{"line":21,"column":null}}},"fnMap":{"0":{"name":"(anonymous_0)","decl":{"start":{"line":5,"column":10},"end":{"line":5,"column":17}},"loc":{"start":{"line":5,"column":62},"end":{"line":7,"column":null}},"line":5},"1":{"name":"(anonymous_1)","decl":{"start":{"line":9,"column":10},"end":{"line":9,"column":22}},"loc":{"start":{"line":9,"column":59},"end":{"line":11,"column":null}},"line":9},"2":{"name":"(anonymous_2)","decl":{"start":{"line":13,"column":10},"end":{"line":13,"column":19}},"loc":{"start":{"line":13,"column":53},"end":{"line":18,"column":null}},"line":13},"3":{"name":"(anonymous_3)","decl":{"start":{"line":20,"column":10},"end":{"line":20,"column":17}},"loc":{"start":{"line":20,"column":74},"end":{"line":22,"column":null}},"line":20}},"branchMap":{},"s":{"0":10,"1":0,"2":1,"3":0},"f":{"0":10,"1":0,"2":1,"3":0},"b":{},"meta":{"lastBranch":0,"lastFunction":4,"lastStatement":4,"seen":{"f:5:10:5:17":0,"s:6:8:6:Infinity":0,"f:9:10:9:22":1,"s:10:8:10:Infinity":1,"f:13:10:13:19":2,"s:14:8:17:Infinity":2,"f:20:10:20:17":3,"s:21:8:21:Infinity":3}}}
,"C:\\Projetos\\todolist\\src\\routes\\admin-routes.ts": {"path":"C:\\Projetos\\todolist\\src\\routes\\admin-routes.ts","statementMap":{"0":{"start":{"line":9,"column":28},"end":{"line":9,"column":null}},"1":{"start":{"line":10,"column":4},"end":{"line":43,"column":null}},"2":{"start":{"line":46,"column":8},"end":{"line":63,"column":null}},"3":{"start":{"line":66,"column":8},"end":{"line":82,"column":null}},"4":{"start":{"line":85,"column":4},"end":{"line":103,"column":null}}},"fnMap":{"0":{"name":"adminRoutes","decl":{"start":{"line":8,"column":22},"end":{"line":8,"column":34}},"loc":{"start":{"line":8,"column":56},"end":{"line":104,"column":null}},"line":8}},"branchMap":{},"s":{"0":3,"1":3,"2":3,"3":3,"4":3},"f":{"0":3},"b":{},"meta":{"lastBranch":0,"lastFunction":1,"lastStatement":5,"seen":{"f:8:22:8:34":0,"s:9:28:9:Infinity":0,"s:10:4:43:Infinity":1,"s:46:8:63:Infinity":2,"s:66:8:82:Infinity":3,"s:85:4:103:Infinity":4}}}
,"C:\\Projetos\\todolist\\src\\routes\\task-routes.ts": {"path":"C:\\Projetos\\todolist\\src\\routes\\task-routes.ts","statementMap":{"0":{"start":{"line":7,"column":23},"end":{"line":7,"column":null}},"1":{"start":{"line":8,"column":23},"end":{"line":16,"column":null}},"2":{"start":{"line":20,"column":4},"end":{"line":38,"column":null}},"3":{"start":{"line":37,"column":40},"end":{"line":37,"column":65}},"4":{"start":{"line":41,"column":4},"end":{"line":54,"column":null}},"5":{"start":{"line":53,"column":40},"end":{"line":53,"column":65}},"6":{"start":{"line":58,"column":4},"end":{"line":81,"column":null}},"7":{"start":{"line":81,"column":40},"end":{"line":81,"column":65}},"8":{"start":{"line":84,"column":4},"end":{"line":102,"column":null}},"9":{"start":{"line":102,"column":40},"end":{"line":102,"column":65}}},"fnMap":{"0":{"name":"taskRoutes","decl":{"start":{"line":18,"column":22},"end":{"line":18,"column":33}},"loc":{"start":{"line":18,"column":55},"end":{"line":104,"column":null}},"line":18},"1":{"name":"(anonymous_1)","decl":{"start":{"line":37,"column":21},"end":{"line":37,"column":28}},"loc":{"start":{"line":37,"column":40},"end":{"line":37,"column":65}},"line":37},"2":{"name":"(anonymous_2)","decl":{"start":{"line":53,"column":21},"end":{"line":53,"column":28}},"loc":{"start":{"line":53,"column":40},"end":{"line":53,"column":65}},"line":53},"3":{"name":"(anonymous_3)","decl":{"start":{"line":81,"column":21},"end":{"line":81,"column":28}},"loc":{"start":{"line":81,"column":40},"end":{"line":81,"column":65}},"line":81},"4":{"name":"(anonymous_4)","decl":{"start":{"line":102,"column":21},"end":{"line":102,"column":28}},"loc":{"start":{"line":102,"column":40},"end":{"line":102,"column":65}},"line":102}},"branchMap":{},"s":{"0":3,"1":3,"2":3,"3":1,"4":3,"5":2,"6":3,"7":1,"8":3,"9":1},"f":{"0":3,"1":1,"2":2,"3":1,"4":1},"b":{},"meta":{"lastBranch":0,"lastFunction":5,"lastStatement":10,"seen":{"s:7:23:7:Infinity":0,"s:8:23:16:Infinity":1,"f:18:22:18:33":0,"s:20:4:38:Infinity":2,"f:37:21:37:28":1,"s:37:40:37:65":3,"s:41:4:54:Infinity":4,"f:53:21:53:28":2,"s:53:40:53:65":5,"s:58:4:81:Infinity":6,"f:81:21:81:28":3,"s:81:40:81:65":7,"s:84:4:102:Infinity":8,"f:102:21:102:28":4,"s:102:40:102:65":9}}}
,"C:\\Projetos\\todolist\\src\\routes\\user-routes.ts": {"path":"C:\\Projetos\\todolist\\src\\routes\\user-routes.ts","statementMap":{"0":{"start":{"line":7,"column":23},"end":{"line":7,"column":null}},"1":{"start":{"line":8,"column":23},"end":{"line":8,"column":null}},"2":{"start":{"line":11,"column":4},"end":{"line":26,"column":null}},"3":{"start":{"line":31,"column":4},"end":{"line":50,"column":null}},"4":{"start":{"line":53,"column":4},"end":{"line":77,"column":null}},"5":{"start":{"line":77,"column":40},"end":{"line":77,"column":65}},"6":{"start":{"line":80,"column":4},"end":{"line":105,"column":null}},"7":{"start":{"line":105,"column":40},"end":{"line":105,"column":65}}},"fnMap":{"0":{"name":"authRoutes","decl":{"start":{"line":10,"column":22},"end":{"line":10,"column":33}},"loc":{"start":{"line":10,"column":55},"end":{"line":27,"column":null}},"line":10},"1":{"name":"userRoutes","decl":{"start":{"line":29,"column":22},"end":{"line":29,"column":33}},"loc":{"start":{"line":29,"column":55},"end":{"line":106,"column":null}},"line":29},"2":{"name":"(anonymous_2)","decl":{"start":{"line":77,"column":21},"end":{"line":77,"column":28}},"loc":{"start":{"line":77,"column":40},"end":{"line":77,"column":65}},"line":77},"3":{"name":"(anonymous_3)","decl":{"start":{"line":105,"column":21},"end":{"line":105,"column":28}},"loc":{"start":{"line":105,"column":40},"end":{"line":105,"column":65}},"line":105}},"branchMap":{},"s":{"0":3,"1":3,"2":3,"3":3,"4":3,"5":0,"6":3,"7":1},"f":{"0":3,"1":3,"2":0,"3":1},"b":{},"meta":{"lastBranch":0,"lastFunction":4,"lastStatement":8,"seen":{"s:7:23:7:Infinity":0,"s:8:23:8:Infinity":1,"f:10:22:10:33":0,"s:11:4:26:Infinity":2,"f:29:22:29:33":1,"s:31:4:50:Infinity":3,"s:53:4:77:Infinity":4,"f:77:21:77:28":2,"s:77:40:77:65":5,"s:80:4:105:Infinity":6,"f:105:21:105:28":3,"s:105:40:105:65":7}}}
,"C:\\Projetos\\todolist\\src\\schemas\\task-schema.ts": {"path":"C:\\Projetos\\todolist\\src\\schemas\\task-schema.ts","statementMap":{"0":{"start":{"line":3,"column":32},"end":{"line":6,"column":null}},"1":{"start":{"line":8,"column":32},"end":{"line":13,"column":null}}},"fnMap":{},"branchMap":{},"s":{"0":3,"1":3},"f":{},"b":{},"meta":{"lastBranch":0,"lastFunction":0,"lastStatement":2,"seen":{"s:3:32:6:Infinity":0,"s:8:32:13:Infinity":1}}}
,"C:\\Projetos\\todolist\\src\\schemas\\user-schema.ts": {"path":"C:\\Projetos\\todolist\\src\\schemas\\user-schema.ts","statementMap":{"0":{"start":{"line":3,"column":32},"end":{"line":7,"column":null}},"1":{"start":{"line":9,"column":32},"end":{"line":13,"column":null}},"2":{"start":{"line":15,"column":31},"end":{"line":18,"column":null}},"3":{"start":{"line":20,"column":37},"end":{"line":25,"column":null}}},"fnMap":{},"branchMap":{},"s":{"0":3,"1":3,"2":3,"3":3},"f":{},"b":{},"meta":{"lastBranch":0,"lastFunction":0,"lastStatement":4,"seen":{"s:3:32:7:Infinity":0,"s:9:32:13:Infinity":1,"s:15:31:18:Infinity":2,"s:20:37:25:Infinity":3}}}
,"C:\\Projetos\\todolist\\src\\services\\admin-service.ts": {"path":"C:\\Projetos\\todolist\\src\\services\\admin-service.ts","statementMap":{"0":{"start":{"line":4,"column":24},"end":{"line":4,"column":null}},"1":{"start":{"line":8,"column":27},"end":{"line":8,"column":null}},"2":{"start":{"line":10,"column":8},"end":{"line":12,"column":null}},"3":{"start":{"line":11,"column":12},"end":{"line":11,"column":null}},"4":{"start":{"line":14,"column":8},"end":{"line":14,"column":null}},"5":{"start":{"line":18,"column":8},"end":{"line":18,"column":null}},"6":{"start":{"line":22,"column":8},"end":{"line":22,"column":null}},"7":{"start":{"line":26,"column":8},"end":{"line":26,"column":null}},"8":{"start":{"line":30,"column":21},"end":{"line":30,"column":null}},"9":{"start":{"line":32,"column":8},"end":{"line":34,"column":null}},"10":{"start":{"line":33,"column":12},"end":{"line":33,"column":null}},"11":{"start":{"line":36,"column":8},"end":{"line":36,"column":null}}},"fnMap":{"0":{"name":"(anonymous_0)","decl":{"start":{"line":7,"column":10},"end":{"line":7,"column":21}},"loc":{"start":{"line":7,"column":44},"end":{"line":15,"column":null}},"line":7},"1":{"name":"(anonymous_1)","decl":{"start":{"line":17,"column":10},"end":{"line":17,"column":25}},"loc":{"start":{"line":17,"column":25},"end":{"line":19,"column":null}},"line":17},"2":{"name":"(anonymous_2)","decl":{"start":{"line":21,"column":10},"end":{"line":21,"column":25}},"loc":{"start":{"line":21,"column":37},"end":{"line":23,"column":null}},"line":21},"3":{"name":"(anonymous_3)","decl":{"start":{"line":25,"column":10},"end":{"line":25,"column":25}},"loc":{"start":{"line":25,"column":25},"end":{"line":27,"column":null}},"line":25},"4":{"name":"(anonymous_4)","decl":{"start":{"line":29,"column":10},"end":{"line":29,"column":27}},"loc":{"start":{"line":29,"column":50},"end":{"line":37,"column":null}},"line":29}},"branchMap":{"0":{"loc":{"start":{"line":10,"column":8},"end":{"line":12,"column":null}},"type":"if","locations":[{"start":{"line":10,"column":8},"end":{"line":12,"column":null}},{"start":{},"end":{}}],"line":10},"1":{"loc":{"start":{"line":32,"column":8},"end":{"line":34,"column":null}},"type":"if","locations":[{"start":{"line":32,"column":8},"end":{"line":34,"column":null}},{"start":{},"end":{}}],"line":32}},"s":{"0":3,"1":1,"2":1,"3":0,"4":1,"5":1,"6":1,"7":0,"8":0,"9":0,"10":0,"11":0},"f":{"0":1,"1":1,"2":1,"3":0,"4":0},"b":{"0":[0,1],"1":[0,0]},"meta":{"lastBranch":2,"lastFunction":5,"lastStatement":12,"seen":{"s:4:24:4:Infinity":0,"f:7:10:7:21":0,"s:8:27:8:Infinity":1,"b:10:8:12:Infinity:undefined:undefined:undefined:undefined":0,"s:10:8:12:Infinity":2,"s:11:12:11:Infinity":3,"s:14:8:14:Infinity":4,"f:17:10:17:25":1,"s:18:8:18:Infinity":5,"f:21:10:21:25":2,"s:22:8:22:Infinity":6,"f:25:10:25:25":3,"s:26:8:26:Infinity":7,"f:29:10:29:27":4,"s:30:21:30:Infinity":8,"b:32:8:34:Infinity:undefined:undefined:undefined:undefined":1,"s:32:8:34:Infinity":9,"s:33:12:33:Infinity":10,"s:36:8:36:Infinity":11}}}
,"C:\\Projetos\\todolist\\src\\services\\auth-service.ts": {"path":"C:\\Projetos\\todolist\\src\\services\\auth-service.ts","statementMap":{"0":{"start":{"line":4,"column":23},"end":{"line":4,"column":null}},"1":{"start":{"line":8,"column":21},"end":{"line":8,"column":null}},"2":{"start":{"line":10,"column":8},"end":{"line":12,"column":null}},"3":{"start":{"line":11,"column":12},"end":{"line":11,"column":null}},"4":{"start":{"line":14,"column":32},"end":{"line":14,"column":null}},"5":{"start":{"line":16,"column":8},"end":{"line":18,"column":null}},"6":{"start":{"line":17,"column":12},"end":{"line":17,"column":null}},"7":{"start":{"line":20,"column":8},"end":{"line":20,"column":null}}},"fnMap":{"0":{"name":"(anonymous_0)","decl":{"start":{"line":7,"column":10},"end":{"line":7,"column":23}},"loc":{"start":{"line":7,"column":56},"end":{"line":21,"column":null}},"line":7}},"branchMap":{"0":{"loc":{"start":{"line":10,"column":8},"end":{"line":12,"column":null}},"type":"if","locations":[{"start":{"line":10,"column":8},"end":{"line":12,"column":null}},{"start":{},"end":{}}],"line":10},"1":{"loc":{"start":{"line":16,"column":8},"end":{"line":18,"column":null}},"type":"if","locations":[{"start":{"line":16,"column":8},"end":{"line":18,"column":null}},{"start":{},"end":{}}],"line":16}},"s":{"0":3,"1":10,"2":10,"3":0,"4":10,"5":10,"6":0,"7":10},"f":{"0":10},"b":{"0":[0,10],"1":[0,10]},"meta":{"lastBranch":2,"lastFunction":1,"lastStatement":8,"seen":{"s:4:23:4:Infinity":0,"f:7:10:7:23":0,"s:8:21:8:Infinity":1,"b:10:8:12:Infinity:undefined:undefined:undefined:undefined":0,"s:10:8:12:Infinity":2,"s:11:12:11:Infinity":3,"s:14:32:14:Infinity":4,"b:16:8:18:Infinity:undefined:undefined:undefined:undefined":1,"s:16:8:18:Infinity":5,"s:17:12:17:Infinity":6,"s:20:8:20:Infinity":7}}}
,"C:\\Projetos\\todolist\\src\\services\\task-service.ts": {"path":"C:\\Projetos\\todolist\\src\\services\\task-service.ts","statementMap":{"0":{"start":{"line":3,"column":23},"end":{"line":3,"column":null}},"1":{"start":{"line":7,"column":8},"end":{"line":7,"column":null}},"2":{"start":{"line":7,"column":27},"end":{"line":7,"column":null}},"3":{"start":{"line":9,"column":8},"end":{"line":9,"column":null}},"4":{"start":{"line":13,"column":21},"end":{"line":13,"column":null}},"5":{"start":{"line":15,"column":8},"end":{"line":17,"column":null}},"6":{"start":{"line":16,"column":12},"end":{"line":16,"column":null}},"7":{"start":{"line":19,"column":8},"end":{"line":19,"column":null}},"8":{"start":{"line":23,"column":21},"end":{"line":23,"column":null}},"9":{"start":{"line":25,"column":8},"end":{"line":27,"column":null}},"10":{"start":{"line":26,"column":12},"end":{"line":26,"column":null}},"11":{"start":{"line":29,"column":8},"end":{"line":29,"column":null}},"12":{"start":{"line":33,"column":8},"end":{"line":33,"column":null}}},"fnMap":{"0":{"name":"(anonymous_0)","decl":{"start":{"line":6,"column":10},"end":{"line":6,"column":17}},"loc":{"start":{"line":6,"column":81},"end":{"line":10,"column":null}},"line":6},"1":{"name":"(anonymous_1)","decl":{"start":{"line":12,"column":10},"end":{"line":12,"column":17}},"loc":{"start":{"line":12,"column":56},"end":{"line":20,"column":null}},"line":12},"2":{"name":"(anonymous_2)","decl":{"start":{"line":22,"column":10},"end":{"line":22,"column":17}},"loc":{"start":{"line":22,"column":45},"end":{"line":30,"column":null}},"line":22},"3":{"name":"(anonymous_3)","decl":{"start":{"line":32,"column":10},"end":{"line":32,"column":22}},"loc":{"start":{"line":32,"column":38},"end":{"line":34,"column":null}},"line":32}},"branchMap":{"0":{"loc":{"start":{"line":7,"column":8},"end":{"line":7,"column":null}},"type":"if","locations":[{"start":{"line":7,"column":8},"end":{"line":7,"column":null}},{"start":{},"end":{}}],"line":7},"1":{"loc":{"start":{"line":15,"column":8},"end":{"line":17,"column":null}},"type":"if","locations":[{"start":{"line":15,"column":8},"end":{"line":17,"column":null}},{"start":{},"end":{}}],"line":15},"2":{"loc":{"start":{"line":15,"column":12},"end":{"line":15,"column":45}},"type":"binary-expr","locations":[{"start":{"line":15,"column":12},"end":{"line":15,"column":21}},{"start":{"line":15,"column":21},"end":{"line":15,"column":45}}],"line":15},"3":{"loc":{"start":{"line":25,"column":8},"end":{"line":27,"column":null}},"type":"if","locations":[{"start":{"line":25,"column":8},"end":{"line":27,"column":null}},{"start":{},"end":{}}],"line":25},"4":{"loc":{"start":{"line":25,"column":12},"end":{"line":25,"column":45}},"type":"binary-expr","locations":[{"start":{"line":25,"column":12},"end":{"line":25,"column":21}},{"start":{"line":25,"column":21},"end":{"line":25,"column":45}}],"line":25}},"s":{"0":3,"1":1,"2":0,"3":1,"4":1,"5":1,"6":0,"7":1,"8":1,"9":1,"10":0,"11":1,"12":1},"f":{"0":1,"1":1,"2":1,"3":1},"b":{"0":[0,1],"1":[0,1],"2":[1,1],"3":[0,1],"4":[1,1]},"meta":{"lastBranch":5,"lastFunction":4,"lastStatement":13,"seen":{"s:3:23:3:Infinity":0,"f:6:10:6:17":0,"b:7:8:7:Infinity:undefined:undefined:undefined:undefined":0,"s:7:8:7:Infinity":1,"s:7:27:7:Infinity":2,"s:9:8:9:Infinity":3,"f:12:10:12:17":1,"s:13:21:13:Infinity":4,"b:15:8:17:Infinity:undefined:undefined:undefined:undefined":1,"s:15:8:17:Infinity":5,"b:15:12:15:21:15:21:15:45":2,"s:16:12:16:Infinity":6,"s:19:8:19:Infinity":7,"f:22:10:22:17":2,"s:23:21:23:Infinity":8,"b:25:8:27:Infinity:undefined:undefined:undefined:undefined":3,"s:25:8:27:Infinity":9,"b:25:12:25:21:25:21:25:45":4,"s:26:12:26:Infinity":10,"s:29:8:29:Infinity":11,"f:32:10:32:22":3,"s:33:8:33:Infinity":12}}}
,"C:\\Projetos\\todolist\\src\\services\\user-service.ts": {"path":"C:\\Projetos\\todolist\\src\\services\\user-service.ts","statementMap":{"0":{"start":{"line":4,"column":23},"end":{"line":4,"column":null}},"1":{"start":{"line":8,"column":31},"end":{"line":8,"column":null}},"2":{"start":{"line":9,"column":8},"end":{"line":9,"column":null}},"3":{"start":{"line":13,"column":21},"end":{"line":13,"column":null}},"4":{"start":{"line":14,"column":8},"end":{"line":14,"column":null}},"5":{"start":{"line":14,"column":19},"end":{"line":14,"column":null}},"6":{"start":{"line":15,"column":8},"end":{"line":15,"column":null}},"7":{"start":{"line":19,"column":21},"end":{"line":19,"column":null}},"8":{"start":{"line":20,"column":8},"end":{"line":20,"column":null}},"9":{"start":{"line":20,"column":19},"end":{"line":20,"column":null}},"10":{"start":{"line":21,"column":27},"end":{"line":21,"column":null}},"11":{"start":{"line":23,"column":8},"end":{"line":25,"column":null}},"12":{"start":{"line":24,"column":12},"end":{"line":24,"column":null}},"13":{"start":{"line":26,"column":8},"end":{"line":26,"column":null}}},"fnMap":{"0":{"name":"(anonymous_0)","decl":{"start":{"line":7,"column":10},"end":{"line":7,"column":17}},"loc":{"start":{"line":7,"column":28},"end":{"line":10,"column":null}},"line":7},"1":{"name":"(anonymous_1)","decl":{"start":{"line":12,"column":10},"end":{"line":12,"column":21}},"loc":{"start":{"line":12,"column":37},"end":{"line":16,"column":null}},"line":12},"2":{"name":"(anonymous_2)","decl":{"start":{"line":18,"column":10},"end":{"line":18,"column":24}},"loc":{"start":{"line":18,"column":51},"end":{"line":27,"column":null}},"line":18}},"branchMap":{"0":{"loc":{"start":{"line":14,"column":8},"end":{"line":14,"column":null}},"type":"if","locations":[{"start":{"line":14,"column":8},"end":{"line":14,"column":null}},{"start":{},"end":{}}],"line":14},"1":{"loc":{"start":{"line":20,"column":8},"end":{"line":20,"column":null}},"type":"if","locations":[{"start":{"line":20,"column":8},"end":{"line":20,"column":null}},{"start":{},"end":{}}],"line":20},"2":{"loc":{"start":{"line":23,"column":8},"end":{"line":25,"column":null}},"type":"if","locations":[{"start":{"line":23,"column":8},"end":{"line":25,"column":null}},{"start":{},"end":{}}],"line":23}},"s":{"0":3,"1":10,"2":10,"3":1,"4":1,"5":0,"6":1,"7":0,"8":0,"9":0,"10":0,"11":0,"12":0,"13":0},"f":{"0":10,"1":1,"2":0},"b":{"0":[0,1],"1":[0,0],"2":[0,0]},"meta":{"lastBranch":3,"lastFunction":3,"lastStatement":14,"seen":{"s:4:23:4:Infinity":0,"f:7:10:7:17":0,"s:8:31:8:Infinity":1,"s:9:8:9:Infinity":2,"f:12:10:12:21":1,"s:13:21:13:Infinity":3,"b:14:8:14:Infinity:undefined:undefined:undefined:undefined":0,"s:14:8:14:Infinity":4,"s:14:19:14:Infinity":5,"s:15:8:15:Infinity":6,"f:18:10:18:24":2,"s:19:21:19:Infinity":7,"b:20:8:20:Infinity:undefined:undefined:undefined:undefined":1,"s:20:8:20:Infinity":8,"s:20:19:20:Infinity":9,"s:21:27:21:Infinity":10,"b:23:8:25:Infinity:undefined:undefined:undefined:undefined":2,"s:23:8:25:Infinity":11,"s:24:12:24:Infinity":12,"s:26:8:26:Infinity":13}}}
}
